[2024-02-12T17:12:53.028Z] [INFO] [::1] User registered: ihbkjbkj@gmail.com
[2024-02-12T17:13:17.140Z] [INFO] [::1] User registered: 111@gmail.com
[2024-02-12T17:13:25.441Z] [INFO] [::1] User logged in: 111@gmail.com
[2024-02-12T17:16:32.106Z] [INFO] [::1] User logged in: 111@gmail.com
[2024-02-12T17:17:45.319Z] [INFO] [::1] User logged in: 111@gmail.com
[2024-02-12T17:19:49.771Z] [INFO] [::1] User logged in: 111@gmail.com
[2024-02-12T17:21:02.346Z] [INFO] [::1] User logged in: 111@gmail.com
[2024-02-12T17:22:50.587Z] [INFO] [::1] User logged in: 111@gmail.com
[2024-02-12T17:25:54.826Z] [INFO] [::1] User logged in: 111@gmail.com
[2024-02-12T17:33:58.016Z] [INFO] [::ffff:127.0.0.1] User registered: rntiws@gmail.com
[2024-02-12T17:34:07.279Z] [INFO] [::ffff:127.0.0.1] User logged in: rntiws@gmail.com
[2024-02-12T17:38:07.540Z] [INFO] [::1] User logged in: 111@gmail.com
[2024-02-12T17:40:10.535Z] [INFO] [::1] User logged in: 111@gmail.com
[2024-02-12T17:46:30.932Z] [INFO] [::1] User logged in: 111@gmail.com
[2024-02-12T18:26:42.031Z] [INFO] [::1] User logged in: xyz12@gmail.com
[2024-02-13T10:40:50.157Z] [INFO] [::1] User logged in: xyz12@gmail.com
[2024-02-13T11:45:03.797Z] [INFO] [::1] User logged in: xyz12@gmail.com
[2024-02-13T15:59:38.788Z] [INFO] [::1] User logged in: xyz12@gmail.com
[2024-02-13T17:01:15.068Z] [INFO] [::1] User logged in: xyz12@gmail.com
[2024-03-02T13:25:21.721Z] [ERROR] [::1] Login failed: Operation `users.findOne()` buffering timed out after 10000ms
[2024-03-02T13:25:31.076Z] [ERROR] [::1] Login failed: Operation `users.findOne()` buffering timed out after 10000ms
[2024-03-02T13:26:12.613Z] [ERROR] [::1] Login failed: Operation `users.findOne()` buffering timed out after 10000ms
[2024-03-02T13:26:54.683Z] [ERROR] [::1] Login failed: Operation `users.findOne()` buffering timed out after 10000ms
[2024-03-02T13:30:01.285Z] [ERROR] [::1] Login failed: Operation `users.findOne()` buffering timed out after 10000ms
[2024-03-02T13:33:48.042Z] [ERROR] [::1] Login failed: Operation `users.findOne()` buffering timed out after 10000ms
[2024-03-02T14:24:21.646Z] [WARN] [::1] Invalid login attempt for user: abcd@gmail.com
[2024-03-02T14:24:31.812Z] [INFO] [::1] User registered: abcd@gmail.com
[2024-03-02T14:24:36.565Z] [INFO] [::1] User logged in: abcd@gmail.com
[2024-03-02T14:25:25.191Z] [WARN] [::1] Invalid login attempt for user: abc12@gmail.com
[2024-03-02T14:25:31.577Z] [WARN] [::1] Invalid login attempt for user: eve.holt@reqres.in
[2024-03-02T14:25:47.475Z] [WARN] [::1] Duplicate email or username for user registration
[2024-03-02T14:26:06.651Z] [INFO] [::1] User registered: xyz1@gmail.com
[2024-03-02T14:26:35.967Z] [INFO] [::1] User logged in: xyz1@gmail.com
[2024-03-02T14:34:22.799Z] [INFO] [::1] User registered: shivam298mishra@gmail.com
[2024-03-02T14:34:38.262Z] [INFO] [::1] User logged in: shivam298mishra@gmail.com
[2024-03-02T14:34:51.907Z] [INFO] [::1] User logged in: xyz1@gmail.com
[2024-03-02T14:35:28.435Z] [INFO] [::1] User registered: aliciafarmindia@gmail.com
[2024-03-02T14:35:52.905Z] [INFO] [::1] User logged in: aliciafarmindia@gmail.com
[2024-03-02T14:42:56.374Z] [INFO] [::1] User logged in: xyz1@gmail.com
[2024-03-02T14:58:20.467Z] [INFO] [::1] User logged in: aliciafarmindia@gmail.com
